<?xml version="1.0" encoding="UTF-8"?>
<!-- Generated by org.testng.reporters.JUnitReportReporter -->
<testsuite hostname="SeenaReddy" failures="0" tests="3" name="testng.AnnotationsDemo3" time="0.013" errors="0" timestamp="2025-04-26T07:38:33 MDT" skipped="0">
  <testcase classname="testng.AnnotationsDemo3" name="a" time="0.005"/>
  <testcase classname="testng.AnnotationsDemo3" name="f" time="0.003"/>
  <testcase classname="testng.AnnotationsDemo3" name="k" time="0.005"/>
</testsuite> <!-- testng.AnnotationsDemo3 -->
