<?xml version="1.0" encoding="UTF-8"?>
<!-- Generated by org.testng.reporters.JUnitReportReporter -->
<testsuite hostname="SeenaReddy" failures="0" tests="1" name="testng.Fblogin" time="7.769" errors="0" timestamp="2025-04-26T07:42:22 MDT" skipped="0">
  <testcase classname="testng.Fblogin" name="f" time="7.769"/>
</testsuite> <!-- testng.Fblogin -->
