<?xml version="1.0" encoding="UTF-8"?>
<!-- Generated by org.testng.reporters.JUnitReportReporter -->
<testsuite hostname="SeenaReddy" failures="0" tests="1" name="testng.AnnotationsDemo2" time="0.012" errors="0" timestamp="2025-04-26T07:38:33 MDT" skipped="0">
  <testcase classname="testng.AnnotationsDemo2" name="f" time="0.012"/>
</testsuite> <!-- testng.AnnotationsDemo2 -->
