<?xml version="1.0" encoding="UTF-8"?>
<!-- Generated by org.testng.reporters.JUnitReportReporter -->
<testsuite hostname="SeenaReddy" failures="0" tests="4" name="testng.AnnotationsDemo1" time="0.015" errors="0" timestamp="2025-04-22T18:12:24 MDT" skipped="2">
  <testcase classname="testng.AnnotationsDemo1" name="tc_02_composeAnEmail" time="0.013"/>
  <testcase classname="testng.AnnotationsDemo1" name="tc_04_logoutonGmail" time="0.002"/>
  <testcase classname="testng.AnnotationsDemo1" name="tc_03_checkSentItems">
    <skipped/>
  </testcase> <!-- tc_03_checkSentItems -->
  <testcase classname="testng.AnnotationsDemo1" name="tc_01_loginToGmail">
    <skipped/>
  </testcase> <!-- tc_01_loginToGmail -->
</testsuite> <!-- testng.AnnotationsDemo1 -->
