<?xml version="1.0" encoding="UTF-8"?>
<!-- Generated by org.testng.reporters.JUnitReportReporter -->
<testsuite hostname="SeenaReddy" failures="0" tests="1" name="testng.Assignment12" time="9.364" errors="0" timestamp="2025-04-26T07:38:33 MDT" skipped="0">
  <testcase classname="testng.Assignment12" name="f" time="9.364"/>
</testsuite> <!-- testng.Assignment12 -->
