<?xml version="1.0" encoding="UTF-8"?>
<!-- Generated by org.testng.reporters.JUnitReportReporter -->
<testsuite hostname="SeenaReddy" failures="0" tests="1" name="testng.Fblogin" time="4.167" errors="0" timestamp="2025-04-22T18:47:05 MDT" skipped="0">
  <testcase classname="testng.Fblogin" name="f" time="4.167"/>
</testsuite> <!-- testng.Fblogin -->
