<?xml version="1.0" encoding="UTF-8"?>
<!-- Generated by org.testng.reporters.JUnitReportReporter -->
<testsuite hostname="SeenaReddy" failures="0" tests="1" name="testng.Assignment12" time="11.381" errors="0" timestamp="2025-04-24T17:59:42 MDT" skipped="0">
  <testcase classname="testng.Assignment12" name="f" time="11.381"/>
</testsuite> <!-- testng.Assignment12 -->
