<?xml version="1.0" encoding="UTF-8"?>
<!-- Generated by org.testng.reporters.JUnitReportReporter -->
<testsuite hostname="SeenaReddy" failures="0" tests="3" name="testng.CrossBrowserTestingDemo" time="18.591" errors="0" timestamp="2025-04-26T07:55:10 MDT" skipped="0">
  <testcase classname="testng.CrossBrowserTestingDemo" name="f" time="9.056"/>
  <testcase classname="testng.CrossBrowserTestingDemo" name="f" time="4.571"/>
  <testcase classname="testng.CrossBrowserTestingDemo" name="f" time="4.964"/>
</testsuite> <!-- testng.CrossBrowserTestingDemo -->
