<?xml version="1.0" encoding="UTF-8"?>
<!-- Generated by org.testng.reporters.JUnitReportReporter -->
<testsuite hostname="AnuLaptop" failures="0" tests="4" name="testng.TS_01_Register" time="12.737" errors="0" timestamp="2025-04-25T17:16:30 MST" skipped="0">
  <testcase classname="testng.TS_01_Register" name="tc_02" time="3.433"/>
  <testcase classname="testng.TS_01_Register" name="tc_01" time="5.392"/>
  <testcase classname="testng.TS_01_Register" name="tc_05" time="3.817"/>
  <testcase classname="testng.TS_01_Register" name="tc_03_and_04" time="0.095"/>
</testsuite> <!-- testng.TS_01_Register -->
