<?xml version="1.0" encoding="UTF-8"?>
<!-- Generated by org.testng.reporters.JUnitReportReporter -->
<testsuite hostname="AnuLaptop" failures="0" tests="1" name="testng.FirstProgram" time="18.938" errors="0" timestamp="2025-04-20T06:47:41 MST" skipped="0">
  <testcase classname="testng.FirstProgram" name="f" time="18.938"/>
</testsuite> <!-- testng.FirstProgram -->
